\BOOKMARK [1][-]{section.1}{Introduction}{}% 1
\BOOKMARK [1][-]{section.2}{Background}{}% 2
\BOOKMARK [2][-]{subsection.2.1}{Deep Learning}{section.2}% 3
\BOOKMARK [2][-]{subsection.2.2}{Recurrent Neural Networks}{section.2}% 4
\BOOKMARK [2][-]{subsection.2.3}{Long Short Term Memory}{section.2}% 5
\BOOKMARK [2][-]{subsection.2.4}{Fully connected layer}{section.2}% 6
\BOOKMARK [1][-]{section.3}{Dataset}{}% 7
\BOOKMARK [2][-]{subsection.3.1}{Preprocessing}{section.3}% 8
\BOOKMARK [3][-]{subsubsection.3.1.1}{Organize Data}{subsection.3.1}% 9
\BOOKMARK [3][-]{subsubsection.3.1.2}{Remove HTML tags}{subsection.3.1}% 10
\BOOKMARK [3][-]{subsubsection.3.1.3}{Remove Special Characters}{subsection.3.1}% 11
\BOOKMARK [3][-]{subsubsection.3.1.4}{Remove Stop Words}{subsection.3.1}% 12
\BOOKMARK [3][-]{subsubsection.3.1.5}{Stem Words}{subsection.3.1}% 13
\BOOKMARK [2][-]{subsection.3.2}{Simple Statistics}{section.3}% 14
\BOOKMARK [1][-]{section.4}{Model}{}% 15
\BOOKMARK [2][-]{subsection.4.1}{Question Answer Representation}{section.4}% 16
\BOOKMARK [2][-]{subsection.4.2}{LSTM Model}{section.4}% 17
\BOOKMARK [3][-]{subsubsection.4.2.1}{Hidden layer size}{subsection.4.2}% 18
\BOOKMARK [2][-]{subsection.4.3}{Full connected layer}{section.4}% 19
\BOOKMARK [2][-]{subsection.4.4}{EPOCH}{section.4}% 20
\BOOKMARK [1][-]{section.5}{Results}{}% 21
\BOOKMARK [1][-]{section.6}{Discussion}{}% 22
\BOOKMARK [1][-]{section.7}{Future work}{}% 23
\BOOKMARK [1][-]{section.8}{Conclusion}{}% 24
