\BOOKMARK [1][-]{section.1}{Introduction}{}% 1
\BOOKMARK [1][-]{section.2}{Background}{}% 2
\BOOKMARK [2][-]{subsection.2.1}{Deep Learning}{section.2}% 3
\BOOKMARK [2][-]{subsection.2.2}{Recurrent Neural Networks}{section.2}% 4
\BOOKMARK [2][-]{subsection.2.3}{Long-Short Term Memory}{section.2}% 5
\BOOKMARK [1][-]{section.3}{Dataset}{}% 6
\BOOKMARK [1][-]{section.4}{Method}{}% 7
\BOOKMARK [1][-]{section.5}{Results}{}% 8
\BOOKMARK [1][-]{section.6}{Discussion}{}% 9
\BOOKMARK [1][-]{section.7}{Future work}{}% 10
\BOOKMARK [1][-]{section.8}{Conclusion}{}% 11
\BOOKMARK [1][-]{section.9}{The Body of The Paper}{}% 12
\BOOKMARK [2][-]{subsection.9.1}{Type Changes and Special Characters}{section.9}% 13
\BOOKMARK [2][-]{subsection.9.2}{Math Equations}{section.9}% 14
\BOOKMARK [3][-]{subsubsection.9.2.1}{Inline \(In-text\) Equations}{subsection.9.2}% 15
\BOOKMARK [3][-]{subsubsection.9.2.2}{Display Equations}{subsection.9.2}% 16
\BOOKMARK [2][-]{subsection.9.3}{Citations}{section.9}% 17
\BOOKMARK [2][-]{subsection.9.4}{Tables}{section.9}% 18
\BOOKMARK [2][-]{subsection.9.5}{Figures}{section.9}% 19
\BOOKMARK [2][-]{subsection.9.6}{Theorem-like Constructs}{section.9}% 20
\BOOKMARK [1][-]{section.10}{Conclusions}{}% 21
\BOOKMARK [1][-]{section.11}{Acknowledgments}{}% 22
\BOOKMARK [1][-]{section.12}{References}{}% 23
